{
  "RSpec": {
    "coverage": {
      "/Users/mixu/code/beer-ratings/app/helpers/application_helper.rb": [
        1,
        1,
        14,
        null,
        8,
        8,
        null,
        null,
        8,
        null,
        null,
        1,
        16,
        null,
        null
      ],
      "/Users/mixu/code/beer-ratings/app/helpers/beer_clubs_helper.rb": [
        1,
        null
      ],
      "/Users/mixu/code/beer-ratings/app/helpers/beers_helper.rb": [
        1,
        null
      ],
      "/Users/mixu/code/beer-ratings/app/helpers/breweries_helper.rb": [
        1,
        null
      ],
      "/Users/mixu/code/beer-ratings/app/helpers/memberships_helper.rb": [
        1,
        null
      ],
      "/Users/mixu/code/beer-ratings/app/helpers/styles_helper.rb": [
        1,
        null
      ],
      "/Users/mixu/code/beer-ratings/app/helpers/users_helper.rb": [
        1,
        null
      ],
      "/Users/mixu/code/beer-ratings/app/models/beer.rb": [
        1,
        1,
        null,
        1,
        null,
        1,
        1,
        1,
        1,
        null,
        1,
        0,
        null,
        0,
        null,
        null,
        1,
        2,
        null,
        null,
        1,
        4,
        1,
        null,
        null
      ],
      "/Users/mixu/code/beer-ratings/app/models/application_record.rb": [
        1,
        1,
        null
      ],
      "/Users/mixu/code/beer-ratings/app/models/concerns/rating_average.rb": [
        1,
        1,
        null,
        1,
        36,
        null,
        78,
        null,
        null
      ],
      "/Users/mixu/code/beer-ratings/app/models/user.rb": [
        1,
        1,
        null,
        1,
        null,
        1,
        null,
        null,
        1,
        null,
        null,
        null,
        1,
        1,
        1,
        1,
        null,
        1,
        3,
        null,
        2,
        null,
        null,
        1,
        10,
        null,
        9,
        25,
        9,
        null,
        null,
        1,
        10,
        null,
        9,
        25,
        9,
        9,
        null,
        null,
        1,
        2,
        1,
        null,
        null
      ],
      "/Users/mixu/code/beer-ratings/app/controllers/styles_controller.rb": [
        1,
        1,
        1,
        null,
        null,
        null,
        1,
        1,
        null,
        null,
        null,
        null,
        1,
        null,
        null,
        null,
        1,
        0,
        null,
        null,
        null,
        1,
        null,
        null,
        null,
        null,
        1,
        0,
        null,
        0,
        0,
        0,
        0,
        null,
        0,
        0,
        null,
        null,
        null,
        null,
        null,
        null,
        1,
        0,
        0,
        0,
        0,
        null,
        0,
        0,
        null,
        null,
        null,
        null,
        null,
        null,
        1,
        0,
        0,
        0,
        0,
        null,
        null,
        null,
        1,
        null,
        null,
        1,
        0,
        null,
        null,
        null,
        1,
        0,
        null,
        null
      ],
      "/Users/mixu/code/beer-ratings/app/controllers/application_controller.rb": [
        1,
        1,
        null,
        1,
        158,
        null,
        102,
        null,
        null,
        1,
        4,
        null,
        null,
        1,
        0,
        null,
        null
      ],
      "/Users/mixu/code/beer-ratings/app/models/brewery.rb": [
        1,
        1,
        null,
        1,
        1,
        null,
        1,
        1,
        1,
        null,
        4,
        4,
        null,
        1,
        60,
        null,
        null,
        1,
        0,
        0,
        0,
        null,
        null,
        1,
        0,
        0,
        null,
        null,
        1,
        4,
        1,
        null,
        null
      ],
      "/Users/mixu/code/beer-ratings/app/models/style.rb": [
        1,
        1,
        null,
        1,
        9,
        9,
        null,
        null,
        1,
        4,
        1,
        null,
        null
      ],
      "/Users/mixu/code/beer-ratings/app/controllers/beers_controller.rb": [
        1,
        1,
        1,
        1,
        1,
        null,
        null,
        null,
        1,
        5,
        null,
        5,
        null,
        5,
        5,
        0,
        0,
        null,
        null,
        null,
        null,
        null,
        1,
        0,
        0,
        null,
        null,
        1,
        null,
        null,
        null,
        1,
        2,
        null,
        null,
        null,
        1,
        null,
        null,
        null,
        null,
        1,
        2,
        null,
        2,
        2,
        2,
        1,
        null,
        1,
        2,
        1,
        null,
        null,
        null,
        null,
        null,
        null,
        1,
        0,
        0,
        0,
        0,
        null,
        0,
        0,
        null,
        null,
        null,
        null,
        null,
        null,
        1,
        0,
        0,
        0,
        0,
        null,
        null,
        null,
        1,
        null,
        null,
        1,
        0,
        null,
        null,
        null,
        1,
        2,
        null,
        null,
        1,
        5,
        5,
        null,
        null
      ],
      "/Users/mixu/code/beer-ratings/app/controllers/sessions_controller.rb": [
        1,
        1,
        null,
        null,
        null,
        1,
        6,
        null,
        6,
        5,
        0,
        null,
        5,
        5,
        null,
        null,
        1,
        null,
        null,
        null,
        1,
        0,
        null,
        0,
        null,
        null
      ],
      "/Users/mixu/code/beer-ratings/app/controllers/users_controller.rb": [
        1,
        1,
        null,
        null,
        null,
        1,
        0,
        null,
        null,
        null,
        null,
        1,
        null,
        null,
        null,
        1,
        1,
        null,
        null,
        null,
        1,
        null,
        null,
        null,
        null,
        1,
        1,
        null,
        1,
        1,
        2,
        1,
        null,
        0,
        0,
        null,
        null,
        null,
        null,
        null,
        null,
        1,
        0,
        0,
        0,
        0,
        null,
        0,
        0,
        null,
        null,
        null,
        null,
        null,
        null,
        1,
        0,
        0,
        0,
        0,
        0,
        null,
        null,
        null,
        1,
        0,
        null,
        0,
        0,
        null,
        0,
        0,
        null,
        null,
        1,
        null,
        null,
        1,
        13,
        null,
        null,
        null,
        1,
        1,
        null,
        null
      ],
      "/Users/mixu/code/beer-ratings/app/models/membership.rb": [
        1,
        1,
        1,
        null
      ],
      "/Users/mixu/code/beer-ratings/app/models/beer_club.rb": [
        1,
        1,
        1,
        null
      ],
      "/Users/mixu/code/beer-ratings/app/models/rating.rb": [
        1,
        1,
        1,
        null,
        1,
        null,
        null,
        null,
        2,
        null,
        1,
        12,
        null,
        null
      ],
      "/Users/mixu/code/beer-ratings/app/controllers/breweries_controller.rb": [
        1,
        1,
        1,
        1,
        null,
        null,
        null,
        1,
        3,
        3,
        3,
        null,
        null,
        null,
        null,
        1,
        null,
        null,
        1,
        null,
        null,
        null,
        1,
        0,
        null,
        null,
        null,
        1,
        null,
        null,
        null,
        null,
        1,
        0,
        null,
        0,
        0,
        0,
        0,
        null,
        0,
        0,
        null,
        null,
        null,
        null,
        null,
        null,
        1,
        0,
        0,
        0,
        0,
        null,
        0,
        0,
        null,
        null,
        null,
        null,
        null,
        null,
        1,
        0,
        0,
        0,
        0,
        null,
        null,
        null,
        1,
        0,
        0,
        null,
        0,
        null,
        0,
        null,
        null,
        1,
        null,
        null,
        1,
        1,
        null,
        null,
        null,
        1,
        0,
        null,
        null
      ],
      "/Users/mixu/code/beer-ratings/lib/beermapping_api.rb": [
        1,
        1,
        5,
        null,
        5,
        5,
        null,
        4,
        4,
        4,
        null,
        null,
        1,
        4,
        null,
        4,
        4,
        null,
        4,
        null,
        3,
        3,
        4,
        null,
        null,
        null,
        1,
        4,
        null,
        4,
        null,
        null,
        1,
        0,
        0,
        null,
        null,
        1,
        0,
        null,
        0,
        null,
        null
      ],
      "/Users/mixu/code/beer-ratings/app/models/place.rb": [
        1,
        1,
        6,
        null,
        null
      ],
      "/Users/mixu/code/beer-ratings/app/controllers/places_controller.rb": [
        1,
        1,
        null,
        1,
        null,
        null,
        1,
        3,
        3,
        3,
        3,
        1,
        null,
        2,
        null,
        null,
        null,
        1,
        0,
        0,
        null,
        null
      ],
      "/Users/mixu/code/beer-ratings/app/controllers/ratings_controller.rb": [
        1,
        1,
        1,
        1,
        1,
        1,
        1,
        1,
        null,
        null,
        1,
        1,
        1,
        null,
        null,
        1,
        1,
        1,
        1,
        1,
        null,
        0,
        0,
        null,
        null,
        null,
        1,
        1,
        1,
        1,
        null,
        null
      ],
      "/Users/mixu/code/beer-ratings/app/mailers/application_mailer.rb": [
        0,
        0,
        0,
        0
      ],
      "/Users/mixu/code/beer-ratings/app/jobs/application_job.rb": [
        0,
        0
      ],
      "/Users/mixu/code/beer-ratings/app/controllers/memberships_controller.rb": [
        0,
        0,
        null,
        null,
        null,
        0,
        0,
        0,
        null,
        null,
        null,
        0,
        0,
        null,
        null,
        0,
        0,
        0,
        0,
        null,
        null,
        0,
        0,
        null,
        null,
        null,
        0,
        0,
        0,
        null,
        0,
        0,
        0,
        0,
        0,
        0,
        0,
        0,
        0,
        0,
        null,
        null,
        null,
        0,
        0,
        0,
        0,
        0,
        0,
        0,
        0,
        0,
        0,
        0,
        null,
        null,
        null,
        0,
        0,
        0,
        0,
        0,
        0,
        0,
        0,
        null,
        0,
        null,
        null,
        0,
        0,
        0,
        null,
        null,
        0,
        0,
        0,
        0
      ],
      "/Users/mixu/code/beer-ratings/app/controllers/beer_clubs_controller.rb": [
        0,
        0,
        0,
        0,
        null,
        null,
        null,
        0,
        0,
        null,
        0,
        null,
        0,
        0,
        0,
        0,
        0,
        0,
        null,
        null,
        null,
        0,
        0,
        0,
        0,
        null,
        null,
        0,
        0,
        0,
        null,
        null,
        0,
        0,
        null,
        null,
        null,
        0,
        0,
        null,
        0,
        0,
        0,
        0,
        0,
        0,
        0,
        0,
        0,
        0,
        null,
        null,
        null,
        0,
        0,
        0,
        0,
        0,
        0,
        0,
        0,
        0,
        0,
        0,
        null,
        null,
        null,
        0,
        0,
        0,
        0,
        0,
        0,
        0,
        null,
        0,
        null,
        null,
        0,
        0,
        0,
        null,
        null,
        0,
        0,
        0,
        0
      ],
      "/Users/mixu/code/beer-ratings/app/channels/application_cable/connection.rb": [
        0,
        0,
        0,
        0
      ],
      "/Users/mixu/code/beer-ratings/app/channels/application_cable/channel.rb": [
        0,
        0,
        0,
        0
      ]
    },
    "timestamp": 1539954530
  }
}
